<?xml version="1.0" encoding="UTF-8"?>
<testng-results ignored="0" total="2" passed="2" failed="0" skipped="0">
  <reporter-output>
  </reporter-output>
  <suite started-at="2020-11-03T13:38:50 IST" name="Command line suite" finished-at="2020-11-03T13:39:11 IST" duration-ms="20622">
    <groups>
    </groups>
    <test started-at="2020-11-03T13:38:50 IST" name="Command line test" finished-at="2020-11-03T13:39:11 IST" duration-ms="20622">
      <class name="tests.InitialTest">
        <test-method is-config="true" signature="startTests()[pri:0, instance:tests.InitialTest@5f71c76a]" started-at="2020-11-03T13:38:50 IST" name="startTests" finished-at="2020-11-03T13:39:01 IST" duration-ms="10975" status="PASS">
          <reporter-output>
          </reporter-output>
        </test-method> <!-- startTests -->
        <test-method signature="testBasicHomePageDataValidation()[pri:0, instance:tests.InitialTest@5f71c76a]" started-at="2020-11-03T13:39:01 IST" name="testBasicHomePageDataValidation" finished-at="2020-11-03T13:39:03 IST" duration-ms="1493" status="PASS">
          <reporter-output>
          </reporter-output>
        </test-method> <!-- testBasicHomePageDataValidation -->
        <test-method signature="testSearchFunctionality()[pri:0, instance:tests.InitialTest@5f71c76a]" started-at="2020-11-03T13:39:03 IST" name="testSearchFunctionality" finished-at="2020-11-03T13:39:10 IST" duration-ms="7377" status="PASS">
          <reporter-output>
          </reporter-output>
        </test-method> <!-- testSearchFunctionality -->
        <test-method is-config="true" signature="stopTests()[pri:0, instance:tests.InitialTest@5f71c76a]" started-at="2020-11-03T13:39:10 IST" name="stopTests" finished-at="2020-11-03T13:39:11 IST" duration-ms="731" status="PASS">
          <reporter-output>
          </reporter-output>
        </test-method> <!-- stopTests -->
      </class> <!-- tests.InitialTest -->
    </test> <!-- Command line test -->
  </suite> <!-- Command line suite -->
</testng-results>
