<?xml version="1.0" encoding="UTF-8"?>
<testng-results ignored="0" total="2" passed="2" failed="0" skipped="0">
  <reporter-output>
  </reporter-output>
  <suite started-at="2020-11-07T12:43:44 IST" name="BDD Test Suite" finished-at="2020-11-07T12:44:20 IST" duration-ms="36237">
    <groups>
    </groups>
    <test started-at="2020-11-07T12:43:44 IST" name="Regression Test" finished-at="2020-11-07T12:44:20 IST" duration-ms="36237">
      <class name="tests.InitialTest">
        <test-method is-config="true" signature="startTests()[pri:0, instance:tests.InitialTest@ba8d91c]" started-at="2020-11-07T12:43:44 IST" name="startTests" finished-at="2020-11-07T12:44:00 IST" duration-ms="16160" status="PASS">
          <reporter-output>
          </reporter-output>
        </test-method> <!-- startTests -->
        <test-method signature="testBasicHomePageDataValidation()[pri:0, instance:tests.InitialTest@ba8d91c]" started-at="2020-11-07T12:44:00 IST" name="testBasicHomePageDataValidation" finished-at="2020-11-07T12:44:00 IST" duration-ms="444" status="PASS">
          <reporter-output>
          </reporter-output>
        </test-method> <!-- testBasicHomePageDataValidation -->
        <test-method signature="testSearchFunctionality()[pri:0, instance:tests.InitialTest@ba8d91c]" started-at="2020-11-07T12:44:00 IST" name="testSearchFunctionality" finished-at="2020-11-07T12:44:19 IST" duration-ms="18792" status="PASS">
          <reporter-output>
          </reporter-output>
        </test-method> <!-- testSearchFunctionality -->
        <test-method is-config="true" signature="stopTests()[pri:0, instance:tests.InitialTest@ba8d91c]" started-at="2020-11-07T12:44:19 IST" name="stopTests" finished-at="2020-11-07T12:44:20 IST" duration-ms="805" status="PASS">
          <reporter-output>
          </reporter-output>
        </test-method> <!-- stopTests -->
      </class> <!-- tests.InitialTest -->
    </test> <!-- Regression Test -->
  </suite> <!-- BDD Test Suite -->
</testng-results>
